#
# There is insufficient memory for the Java Runtime Environment to continue.
# Native memory allocation (malloc) failed to allocate 899056 bytes for Chunk::new
# Possible reasons:
#   The system is out of physical RAM or swap space
#   In 32 bit mode, the process size limit was hit
# Possible solutions:
#   Reduce memory load on the system
#   Increase physical memory or swap space
#   Check if swap backing store is full
#   Use 64 bit Java on a 64 bit OS
#   Decrease Java heap size (-Xmx/-Xms)
#   Decrease number of Java threads
#   Decrease Java thread stack sizes (-Xss)
#   Set larger code cache with -XX:ReservedCodeCacheSize=
# This output file may be truncated or incomplete.
#
#  Out of Memory Error (allocation.cpp:390), pid=47084, tid=0x000000000000b57c
#
# JRE version: Java(TM) SE Runtime Environment (8.0_191-b12) (build 1.8.0_191-b12)
# Java VM: Java HotSpot(TM) 64-Bit Server VM (25.191-b12 mixed mode windows-amd64 compressed oops)
# Failed to write core dump. Minidumps are not enabled by default on client versions of Windows
#

---------------  T H R E A D  ---------------

Current thread (0x0000000018f02000):  JavaThread "C2 CompilerThread2" daemon [_thread_in_native, id=46460, stack(0x000000001a5f0000,0x000000001a6f0000)]

Stack: [0x000000001a5f0000,0x000000001a6f0000]
[error occurred during error reporting (printing stack bounds), id 0xc0000005]

Native frames: (J=compiled Java code, j=interpreted, Vv=VM code, C=native code)


Current CompileTask:
C2:  36533 4714 %     4       org.gradle.internal.instantiation.AbstractClassGenerator::inspectType @ 107 (559 bytes)


---------------  P R O C E S S  ---------------

Java Threads: ( => current thread )
  0x000000001ad18800 JavaThread "Cache worker for Build Output Cleanup Cache (D:\workspace\spring-framework\.gradle\buildOutputCleanup)" [_thread_blocked, id=44120, stack(0x0000000022070000,0x0000000022170000)]
  0x000000001ad17800 JavaThread "Build operations Thread 12" [_thread_blocked, id=37972, stack(0x0000000021670000,0x0000000021770000)]
  0x000000001ad1b800 JavaThread "Cache worker for cache directory md-rule (D:\Users\y.wang39\.gradle\caches\5.6.4\md-rule)" [_thread_blocked, id=40044, stack(0x0000000021570000,0x0000000021670000)]
  0x000000001ad14000 JavaThread "Cache worker for cache directory md-supplier (D:\Users\y.wang39\.gradle\caches\5.6.4\md-supplier)" [_thread_blocked, id=34400, stack(0x0000000020c20000,0x0000000020d20000)]
  0x000000001ad17000 JavaThread "Build operations Thread 11" [_thread_blocked, id=46240, stack(0x0000000023970000,0x0000000023a70000)]
  0x000000001ad1a000 JavaThread "Build operations Thread 10" [_thread_blocked, id=28980, stack(0x0000000023870000,0x0000000023970000)]
  0x000000001ad1a800 JavaThread "Build operations Thread 9" [_thread_blocked, id=46684, stack(0x0000000023770000,0x0000000023870000)]
  0x000000001ad14800 JavaThread "Build operations Thread 8" [_thread_blocked, id=45944, stack(0x0000000023670000,0x0000000023770000)]
  0x000000001ad16000 JavaThread "Build operations Thread 7" [_thread_blocked, id=41536, stack(0x0000000023570000,0x0000000023670000)]
  0x000000001ad13000 JavaThread "Build operations Thread 6" [_thread_blocked, id=41232, stack(0x0000000023470000,0x0000000023570000)]
  0x000000001eb17000 JavaThread "Build operations Thread 5" [_thread_blocked, id=42796, stack(0x0000000023370000,0x0000000023470000)]
  0x000000001eb15000 JavaThread "Build operations Thread 4" [_thread_blocked, id=42500, stack(0x0000000023270000,0x0000000023370000)]
  0x000000001eb14000 JavaThread "Build operations Thread 3" [_thread_blocked, id=42812, stack(0x0000000023170000,0x0000000023270000)]
  0x000000001eb12800 JavaThread "Build operations Thread 2" [_thread_blocked, id=42836, stack(0x0000000023070000,0x0000000023170000)]
  0x000000001eb0f800 JavaThread "Build operations" [_thread_blocked, id=38600, stack(0x0000000022f70000,0x0000000023070000)]
  0x000000001eb09000 JavaThread "Cache worker for file content cache (D:\Users\y.wang39\.gradle\caches\5.6.4\fileContent)" [_thread_blocked, id=34936, stack(0x0000000021f70000,0x0000000022070000)]
  0x000000001eb0a800 JavaThread "Memory manager" [_thread_blocked, id=46624, stack(0x0000000021e70000,0x0000000021f70000)]
  0x000000001eb0d800 JavaThread "Cache worker for execution history cache (D:\Users\y.wang39\.gradle\caches\5.6.4\executionHistory)" [_thread_blocked, id=46016, stack(0x0000000021770000,0x0000000021870000)]
  0x000000001c446800 JavaThread "Cache worker for file hash cache (D:\workspace\spring-framework\.gradle\5.6.4\fileHashes)" [_thread_blocked, id=44320, stack(0x000000001e640000,0x000000001e740000)]
  0x000000001c445000 JavaThread "File lock release action executor" [_thread_blocked, id=44208, stack(0x000000001e780000,0x000000001e880000)]
  0x000000001c444000 JavaThread "Cache worker for journal cache (D:\Users\y.wang39\.gradle\caches\journal-1)" [_thread_blocked, id=44544, stack(0x000000001e540000,0x000000001e640000)]
  0x000000001c448800 JavaThread "File lock request listener" [_thread_in_native, id=42840, stack(0x000000001e440000,0x000000001e540000)]
  0x000000001c445800 JavaThread "Cache worker for file hash cache (D:\Users\y.wang39\.gradle\caches\5.6.4\fileHashes)" [_thread_blocked, id=42160, stack(0x000000001e140000,0x000000001e240000)]
  0x000000001c38a800 JavaThread "Thread-9" [_thread_blocked, id=3064, stack(0x000000001e040000,0x000000001e140000)]
  0x000000001c38d800 JavaThread "Stdin handler" [_thread_blocked, id=42728, stack(0x000000001df40000,0x000000001e040000)]
  0x000000001c38c800 JavaThread "Asynchronous log dispatcher for DefaultDaemonConnection: socket connection from /127.0.0.1:57134 to /127.0.0.1:57140" [_thread_blocked, id=46360, stack(0x000000001de40000,0x000000001df40000)]
  0x000000001c361800 JavaThread "Daemon worker" [_thread_in_native, id=43192, stack(0x000000001dd40000,0x000000001de40000)]
  0x000000001c35f000 JavaThread "Cancel handler" [_thread_blocked, id=34884, stack(0x000000001db40000,0x000000001dc40000)]
  0x000000001c339000 JavaThread "Handler for socket connection from /127.0.0.1:57134 to /127.0.0.1:57140" [_thread_in_native, id=31104, stack(0x000000001d840000,0x000000001d940000)]
  0x000000001c338000 JavaThread "Daemon" [_thread_blocked, id=46744, stack(0x000000001d740000,0x000000001d840000)]
  0x000000001c2e1800 JavaThread "Daemon periodic checks" [_thread_blocked, id=43188, stack(0x000000001d640000,0x000000001d740000)]
  0x000000001c2d1000 JavaThread "Incoming local TCP Connector on port 57134" [_thread_in_native, id=46012, stack(0x000000001d490000,0x000000001d590000)]
  0x000000001c1bd800 JavaThread "Daemon health stats" [_thread_blocked, id=41432, stack(0x000000001d190000,0x000000001d290000)]
  0x0000000018f10800 JavaThread "Service Thread" daemon [_thread_blocked, id=14140, stack(0x000000001a7f0000,0x000000001a8f0000)]
  0x0000000018f0e800 JavaThread "C1 CompilerThread3" daemon [_thread_blocked, id=35528, stack(0x000000001a6f0000,0x000000001a7f0000)]
=>0x0000000018f02000 JavaThread "C2 CompilerThread2" daemon [_thread_in_native, id=46460, stack(0x000000001a5f0000,0x000000001a6f0000)]
  0x0000000018eae800 JavaThread "C2 CompilerThread1" daemon [_thread_in_native, id=46992, stack(0x000000001a4f0000,0x000000001a5f0000)]
  0x0000000017769000 JavaThread "C2 CompilerThread0" daemon [_thread_in_native, id=40004, stack(0x000000001a3f0000,0x000000001a4f0000)]
  0x0000000018e57000 JavaThread "Attach Listener" daemon [_thread_blocked, id=43156, stack(0x000000001a2f0000,0x000000001a3f0000)]
  0x0000000018eaa000 JavaThread "Signal Dispatcher" daemon [_thread_blocked, id=45308, stack(0x000000001a1f0000,0x000000001a2f0000)]
  0x000000000379c000 JavaThread "Finalizer" daemon [_thread_blocked, id=37148, stack(0x000000001a090000,0x000000001a190000)]
  0x0000000018e33000 JavaThread "Reference Handler" daemon [_thread_blocked, id=46492, stack(0x0000000019f90000,0x000000001a090000)]
  0x00000000036a2800 JavaThread "main" [_thread_blocked, id=46580, stack(0x0000000003560000,0x0000000003660000)]

Other Threads:
  0x0000000017756800 VMThread [stack: 0x0000000019e90000,0x0000000019f90000] [id=18800]
  0x0000000018f14800 WatcherThread [stack: 0x000000001a8f0000,0x000000001a9f0000] [id=16588]

VM state:not at safepoint (normal execution)

VM Mutex/Monitor currently owned by a thread: None

Heap:
 PSYoungGen      total 223232K, used 35367K [0x00000000e0000000, 0x00000000efb80000, 0x0000000100000000)
  eden space 201728K, 10% used [0x00000000e0000000,0x00000000e1444478,0x00000000ec500000)
  from space 21504K, 67% used [0x00000000ec500000,0x00000000ed3457f8,0x00000000eda00000)
  to   space 21504K, 0% used [0x00000000eda00000,0x00000000eda00000,0x00000000eef00000)
 ParOldGen       total 253440K, used 17596K [0x00000000a0000000, 0x00000000af780000, 0x00000000e0000000)
  object space 253440K, 6% used [0x00000000a0000000,0x00000000a112f118,0x00000000af780000)
 Metaspace       used 43359K, capacity 44850K, committed 45144K, reserved 1087488K
  class space    used 6325K, capacity 6644K, committed 6744K, reserved 1048576K

Card table byte_map: [0x0000000012b60000,0x0000000012e70000] byte_map_base: 0x0000000012660000

Marking Bits: (ParMarkBitMap*) 0x0000000077f73e30
 Begin Bits: [0x0000000013a70000, 0x0000000015270000)
 End Bits:   [0x0000000015270000, 0x0000000016a70000)

Polling page: 0x00000000030d0000

CodeCache: size=245760Kb used=15253Kb max_used=15253Kb free=230506Kb
 bounds [0x00000000037a0000, 0x00000000046a0000, 0x00000000127a0000]
 total_blobs=5118 nmethods=4387 adapters=643
 compilation: enabled

Compilation events (10 events):
Event: 36.365 Thread 0x0000000018f0e800 4917       1       java.beans.GenericBeanInfo::getDefaultPropertyIndex (5 bytes)
Event: 36.365 Thread 0x0000000018f0e800 nmethod 4917 0x000000000468f3d0 code [0x000000000468f520, 0x000000000468f630]
Event: 36.367 Thread 0x0000000018f0e800 4918       3       org.gradle.internal.reflect.PropertyAccessorType$3::propertyTypeFor (12 bytes)
Event: 36.369 Thread 0x0000000018f0e800 nmethod 4918 0x000000000468f690 code [0x000000000468f900, 0x00000000046909a8]
Event: 36.369 Thread 0x0000000018f0e800 4919       3       org.gradle.internal.reflect.PropertyAccessorType$3::requireSingleParam (35 bytes)
Event: 36.369 Thread 0x0000000018f0e800 nmethod 4919 0x0000000004691290 code [0x00000000046914c0, 0x0000000004692278]
Event: 36.369 Thread 0x0000000018f0e800 4920       3       org.gradle.internal.reflect.annotations.impl.DefaultTypeAnnotationMetadataStore$$Lambda$27/1016104032::get$Lambda (9 bytes)
Event: 36.369 Thread 0x0000000018f0e800 nmethod 4920 0x00000000046928d0 code [0x0000000004692a40, 0x0000000004692c90]
Event: 36.399 Thread 0x0000000018f0e800 4922   !   3       java.nio.charset.CharsetDecoder::decode (287 bytes)
Event: 36.401 Thread 0x0000000018f0e800 nmethod 4922 0x0000000004692d90 code [0x0000000004693080, 0x0000000004694838]

GC Heap History (10 events):
Event: 9.845 GC heap before
{Heap before GC invocations=3 (full 1):
 PSYoungGen      total 153088K, used 14024K [0x00000000e0000000, 0x00000000eaa80000, 0x0000000100000000)
  eden space 131584K, 0% used [0x00000000e0000000,0x00000000e0000000,0x00000000e8080000)
  from space 21504K, 65% used [0x00000000e9580000,0x00000000ea3321b0,0x00000000eaa80000)
  to   space 21504K, 0% used [0x00000000e8080000,0x00000000e8080000,0x00000000e9580000)
 ParOldGen       total 349696K, used 24K [0x00000000a0000000, 0x00000000b5580000, 0x00000000e0000000)
  object space 349696K, 0% used [0x00000000a0000000,0x00000000a0006000,0x00000000b5580000)
 Metaspace       used 20549K, capacity 21002K, committed 21248K, reserved 1067008K
  class space    used 3046K, capacity 3204K, committed 3328K, reserved 1048576K
Event: 9.891 GC heap after
Heap after GC invocations=3 (full 1):
 PSYoungGen      total 153088K, used 0K [0x00000000e0000000, 0x00000000eaa80000, 0x0000000100000000)
  eden space 131584K, 0% used [0x00000000e0000000,0x00000000e0000000,0x00000000e8080000)
  from space 21504K, 0% used [0x00000000e9580000,0x00000000e9580000,0x00000000eaa80000)
  to   space 21504K, 0% used [0x00000000e8080000,0x00000000e8080000,0x00000000e9580000)
 ParOldGen       total 195072K, used 13510K [0x00000000a0000000, 0x00000000abe80000, 0x00000000e0000000)
  object space 195072K, 6% used [0x00000000a0000000,0x00000000a0d31a78,0x00000000abe80000)
 Metaspace       used 20549K, capacity 21002K, committed 21248K, reserved 1067008K
  class space    used 3046K, capacity 3204K, committed 3328K, reserved 1048576K
}
Event: 31.628 GC heap before
{Heap before GC invocations=4 (full 1):
 PSYoungGen      total 153088K, used 131584K [0x00000000e0000000, 0x00000000eaa80000, 0x0000000100000000)
  eden space 131584K, 100% used [0x00000000e0000000,0x00000000e8080000,0x00000000e8080000)
  from space 21504K, 0% used [0x00000000e9580000,0x00000000e9580000,0x00000000eaa80000)
  to   space 21504K, 0% used [0x00000000e8080000,0x00000000e8080000,0x00000000e9580000)
 ParOldGen       total 195072K, used 13510K [0x00000000a0000000, 0x00000000abe80000, 0x00000000e0000000)
  object space 195072K, 6% used [0x00000000a0000000,0x00000000a0d31a78,0x00000000abe80000)
 Metaspace       used 31612K, capacity 32288K, committed 32640K, reserved 1077248K
  class space    used 4509K, capacity 4680K, committed 4736K, reserved 1048576K
Event: 31.636 GC heap after
Heap after GC invocations=4 (full 1):
 PSYoungGen      total 153088K, used 12876K [0x00000000e0000000, 0x00000000eef00000, 0x0000000100000000)
  eden space 131584K, 0% used [0x00000000e0000000,0x00000000e0000000,0x00000000e8080000)
  from space 21504K, 59% used [0x00000000e8080000,0x00000000e8d13340,0x00000000e9580000)
  to   space 21504K, 0% used [0x00000000eda00000,0x00000000eda00000,0x00000000eef00000)
 ParOldGen       total 195072K, used 13518K [0x00000000a0000000, 0x00000000abe80000, 0x00000000e0000000)
  object space 195072K, 6% used [0x00000000a0000000,0x00000000a0d33a78,0x00000000abe80000)
 Metaspace       used 31612K, capacity 32288K, committed 32640K, reserved 1077248K
  class space    used 4509K, capacity 4680K, committed 4736K, reserved 1048576K
}
Event: 32.182 GC heap before
{Heap before GC invocations=5 (full 1):
 PSYoungGen      total 153088K, used 77216K [0x00000000e0000000, 0x00000000eef00000, 0x0000000100000000)
  eden space 131584K, 48% used [0x00000000e0000000,0x00000000e3ed4d38,0x00000000e8080000)
  from space 21504K, 59% used [0x00000000e8080000,0x00000000e8d13340,0x00000000e9580000)
  to   space 21504K, 0% used [0x00000000eda00000,0x00000000eda00000,0x00000000eef00000)
 ParOldGen       total 195072K, used 13518K [0x00000000a0000000, 0x00000000abe80000, 0x00000000e0000000)
  object space 195072K, 6% used [0x00000000a0000000,0x00000000a0d33a78,0x00000000abe80000)
 Metaspace       used 34596K, capacity 35368K, committed 35416K, reserved 1079296K
  class space    used 4975K, capacity 5201K, committed 5208K, reserved 1048576K
Event: 32.191 GC heap after
Heap after GC invocations=5 (full 1):
 PSYoungGen      total 223232K, used 10647K [0x00000000e0000000, 0x00000000efb80000, 0x0000000100000000)
  eden space 201728K, 0% used [0x00000000e0000000,0x00000000e0000000,0x00000000ec500000)
  from space 21504K, 49% used [0x00000000eda00000,0x00000000ee465d38,0x00000000eef00000)
  to   space 21504K, 0% used [0x00000000ec500000,0x00000000ec500000,0x00000000eda00000)
 ParOldGen       total 195072K, used 13526K [0x00000000a0000000, 0x00000000abe80000, 0x00000000e0000000)
  object space 195072K, 6% used [0x00000000a0000000,0x00000000a0d35a78,0x00000000abe80000)
 Metaspace       used 34596K, capacity 35368K, committed 35416K, reserved 1079296K
  class space    used 4975K, capacity 5201K, committed 5208K, reserved 1048576K
}
Event: 32.191 GC heap before
{Heap before GC invocations=6 (full 2):
 PSYoungGen      total 223232K, used 10647K [0x00000000e0000000, 0x00000000efb80000, 0x0000000100000000)
  eden space 201728K, 0% used [0x00000000e0000000,0x00000000e0000000,0x00000000ec500000)
  from space 21504K, 49% used [0x00000000eda00000,0x00000000ee465d38,0x00000000eef00000)
  to   space 21504K, 0% used [0x00000000ec500000,0x00000000ec500000,0x00000000eda00000)
 ParOldGen       total 195072K, used 13526K [0x00000000a0000000, 0x00000000abe80000, 0x00000000e0000000)
  object space 195072K, 6% used [0x00000000a0000000,0x00000000a0d35a78,0x00000000abe80000)
 Metaspace       used 34596K, capacity 35368K, committed 35416K, reserved 1079296K
  class space    used 4975K, capacity 5201K, committed 5208K, reserved 1048576K
Event: 32.236 GC heap after
Heap after GC invocations=6 (full 2):
 PSYoungGen      total 223232K, used 0K [0x00000000e0000000, 0x00000000efb80000, 0x0000000100000000)
  eden space 201728K, 0% used [0x00000000e0000000,0x00000000e0000000,0x00000000ec500000)
  from space 21504K, 0% used [0x00000000eda00000,0x00000000eda00000,0x00000000eef00000)
  to   space 21504K, 0% used [0x00000000ec500000,0x00000000ec500000,0x00000000eda00000)
 ParOldGen       total 253440K, used 17588K [0x00000000a0000000, 0x00000000af780000, 0x00000000e0000000)
  object space 253440K, 6% used [0x00000000a0000000,0x00000000a112d118,0x00000000af780000)
 Metaspace       used 34596K, capacity 35368K, committed 35416K, reserved 1079296K
  class space    used 4975K, capacity 5201K, committed 5208K, reserved 1048576K
}
Event: 36.171 GC heap before
{Heap before GC invocations=7 (full 2):
 PSYoungGen      total 223232K, used 201728K [0x00000000e0000000, 0x00000000efb80000, 0x0000000100000000)
  eden space 201728K, 100% used [0x00000000e0000000,0x00000000ec500000,0x00000000ec500000)
  from space 21504K, 0% used [0x00000000eda00000,0x00000000eda00000,0x00000000eef00000)
  to   space 21504K, 0% used [0x00000000ec500000,0x00000000ec500000,0x00000000eda00000)
 ParOldGen       total 253440K, used 17588K [0x00000000a0000000, 0x00000000af780000, 0x00000000e0000000)
  object space 253440K, 6% used [0x00000000a0000000,0x00000000a112d118,0x00000000af780000)
 Metaspace       used 42787K, capacity 44230K, committed 44504K, reserved 1087488K
  class space    used 6226K, capacity 6567K, committed 6616K, reserved 1048576K
Event: 36.213 GC heap after
Heap after GC invocations=7 (full 2):
 PSYoungGen      total 223232K, used 14613K [0x00000000e0000000, 0x00000000efb80000, 0x0000000100000000)
  eden space 201728K, 0% used [0x00000000e0000000,0x00000000e0000000,0x00000000ec500000)
  from space 21504K, 67% used [0x00000000ec500000,0x00000000ed3457f8,0x00000000eda00000)
  to   space 21504K, 0% used [0x00000000eda00000,0x00000000eda00000,0x00000000eef00000)
 ParOldGen       total 253440K, used 17596K [0x00000000a0000000, 0x00000000af780000, 0x00000000e0000000)
  object space 253440K, 6% used [0x00000000a0000000,0x00000000a112f118,0x00000000af780000)
 Metaspace       used 42787K, capacity 44230K, committed 44504K, reserved 1087488K
  class space    used 6226K, capacity 6567K, committed 6616K, reserved 1048576K
}

Deoptimization events (10 events):
Event: 35.943 Thread 0x000000001c361800 Uncommon trap: reason=unstable_if action=reinterpret pc=0x0000000003cff084 method=java.lang.Character.isUpperCase(I)Z @ 5
Event: 35.980 Thread 0x000000001c361800 Uncommon trap: reason=unstable_if action=reinterpret pc=0x00000000043f2860 method=org.codehaus.groovy.runtime.metaclass.MetaMethodIndex.copyNonPrivateNonNewMetaMethods(Lorg/codehaus/groovy/runtime/metaclass/MetaMethodIndex$Entry;Lorg/codehaus/groovy/runti
Event: 35.980 Thread 0x000000001c361800 Uncommon trap: reason=unstable_if action=reinterpret pc=0x0000000004459c08 method=groovy.lang.MetaClassImpl$1MOPIter.methodNameAction(Ljava/lang/Class;Lorg/codehaus/groovy/runtime/metaclass/MetaMethodIndex$Entry;)V @ 277
Event: 35.987 Thread 0x000000001c361800 Uncommon trap: reason=unstable_if action=reinterpret pc=0x00000000043ec650 method=org.codehaus.groovy.runtime.metaclass.MetaMethodIndex.isNonRealMethod(Lgroovy/lang/MetaMethod;)Z @ 4
Event: 36.008 Thread 0x000000001c361800 Uncommon trap: reason=unstable_if action=reinterpret pc=0x0000000004408ac4 method=groovy.lang.MetaClassImpl.checkIfStdMethod(Lgroovy/lang/MetaMethod;)V @ 55
Event: 36.030 Thread 0x000000001c361800 Uncommon trap: reason=unstable_if action=reinterpret pc=0x000000000417a4f4 method=java.lang.Class$MethodArray.removeLessSpecifics()V @ 25
Event: 36.078 Thread 0x000000001c361800 Uncommon trap: reason=bimorphic action=maybe_recompile pc=0x00000000045f972c method=groovy.lang.MetaClassImpl.filterPropertyMethod(Ljava/lang/Object;ZZ)Ljava/lang/Object; @ 165
Event: 36.227 Thread 0x0000000018e33000 Uncommon trap: reason=unstable_if action=reinterpret pc=0x0000000003dcd63c method=java.lang.ref.Reference.tryHandlePending(Z)Z @ 20
Event: 36.228 Thread 0x000000000379c000 Uncommon trap: reason=unstable_if action=reinterpret pc=0x0000000003d5df1c method=java.util.HashMap$HashIterator.<init>(Ljava/util/HashMap;)V @ 45
Event: 36.244 Thread 0x000000001c361800 Uncommon trap: reason=unstable_if action=reinterpret pc=0x00000000045f97bc method=groovy.lang.MetaClassImpl.filterPropertyMethod(Ljava/lang/Object;ZZ)Ljava/lang/Object; @ 187

Classes redefined (0 events):
No events

Internal exceptions (10 events):
Event: 36.315 Thread 0x000000001c361800 Exception <a 'java/lang/ClassNotFoundException': org/asciidoctor/gradle/jvm/AsciidoctorPdfTask_DecoratedCustomizer> (0x00000000e0be10b0) thrown at [C:\re\workspace\8-2-build-windows-amd64-cygwin\jdk8u191\11896\hotspot\src\share\vm\classfile\systemDictiona
Event: 36.348 Thread 0x000000001c361800 Exception <a 'java/lang/ClassNotFoundException': com/github/benmanes/gradle/versions/VersionsPluginBeanInfo> (0x00000000e0d71028) thrown at [C:\re\workspace\8-2-build-windows-amd64-cygwin\jdk8u191\11896\hotspot\src\share\vm\classfile\systemDictionary.cpp,
Event: 36.348 Thread 0x000000001c361800 Exception <a 'java/lang/ClassNotFoundException': com/github/benmanes/gradle/versions/VersionsPluginCustomizer> (0x00000000e0d89308) thrown at [C:\re\workspace\8-2-build-windows-amd64-cygwin\jdk8u191\11896\hotspot\src\share\vm\classfile\systemDictionary.cp
Event: 36.358 Thread 0x000000001c361800 Exception <a 'java/lang/ClassNotFoundException': com/github/benmanes/gradle/versions/updates/gradle/GradleReleaseChannelBeanInfo> (0x00000000e0e64c68) thrown at [C:\re\workspace\8-2-build-windows-amd64-cygwin\jdk8u191\11896\hotspot\src\share\vm\classfile\
Event: 36.359 Thread 0x000000001c361800 Exception <a 'java/lang/ClassNotFoundException': com/github/benmanes/gradle/versions/updates/gradle/GradleReleaseChannelCustomizer> (0x00000000e0e83400) thrown at [C:\re\workspace\8-2-build-windows-amd64-cygwin\jdk8u191\11896\hotspot\src\share\vm\classfil
Event: 36.362 Thread 0x000000001c361800 Exception <a 'java/lang/ClassNotFoundException': com/github/benmanes/gradle/versions/updates/DependencyUpdatesTask_DecoratedBeanInfo> (0x00000000e0f0ccb8) thrown at [C:\re\workspace\8-2-build-windows-amd64-cygwin\jdk8u191\11896\hotspot\src\share\vm\classf
Event: 36.363 Thread 0x000000001c361800 Exception <a 'java/lang/ClassNotFoundException': com/github/benmanes/gradle/versions/updates/DependencyUpdatesTaskBeanInfo> (0x00000000e0f29d40) thrown at [C:\re\workspace\8-2-build-windows-amd64-cygwin\jdk8u191\11896\hotspot\src\share\vm\classfile\system
Event: 36.363 Thread 0x000000001c361800 Exception <a 'java/lang/ClassNotFoundException': com/github/benmanes/gradle/versions/updates/DependencyUpdatesTaskCustomizer> (0x00000000e0f47d38) thrown at [C:\re\workspace\8-2-build-windows-amd64-cygwin\jdk8u191\11896\hotspot\src\share\vm\classfile\syst
Event: 36.365 Thread 0x000000001c361800 Exception <a 'java/lang/ClassNotFoundException': com/github/benmanes/gradle/versions/updates/DependencyUpdatesTask_DecoratedCustomizer> (0x00000000e0fafe28) thrown at [C:\re\workspace\8-2-build-windows-amd64-cygwin\jdk8u191\11896\hotspot\src\share\vm\clas
Event: 36.398 Thread 0x000000001c361800 Exception <a 'java/lang/NoSuchMethodError': java.lang.Object.lambda$identity$2(Ljava/lang/Object;)Ljava/lang/Object;> (0x00000000e130fbc8) thrown at [C:\re\workspace\8-2-build-windows-amd64-cygwin\jdk8u191\11896\hotspot\src\share\vm\interpreter\linkResolv

Events (10 events):
Event: 36.402 loading class com/gradle/scan/plugin/internal/b/n/a$c
Event: 36.402 loading class com/gradle/scan/plugin/internal/b/n/a$c done
Event: 36.402 loading class com/gradle/scan/plugin/internal/b/n/a$e
Event: 36.402 loading class com/gradle/scan/plugin/internal/b/n/a$e done
Event: 36.402 loading class com/gradle/scan/plugin/internal/b/n/a$d
Event: 36.402 loading class com/gradle/scan/plugin/internal/b/n/a$d done
Event: 36.402 loading class com/gradle/scan/plugin/internal/b/n/a$b
Event: 36.402 loading class com/gradle/scan/plugin/internal/b/n/a$b done
Event: 36.402 loading class com/gradle/scan/plugin/internal/b/n/a$a
Event: 36.402 loading class com/gradle/scan/plugin/internal/b/n/a$a done


Dynamic libraries:
0x00007ff6359a0000 - 0x00007ff6359d7000 	C:\Program Files\Java\jdk1.8.0_191\bin\java.exe
0x00007fff11850000 - 0x00007fff11a45000 	C:\Windows\SYSTEM32\ntdll.dll
0x00007fff11750000 - 0x00007fff1180e000 	C:\Windows\System32\KERNEL32.DLL
0x00007fff0ef70000 - 0x00007fff0f238000 	C:\Windows\System32\KERNELBASE.dll
0x00007fff10dc0000 - 0x00007fff10e6c000 	C:\Windows\System32\ADVAPI32.dll
0x00007fff0fe70000 - 0x00007fff0ff0e000 	C:\Windows\System32\msvcrt.dll
0x00007fff0fd40000 - 0x00007fff0fddb000 	C:\Windows\System32\sechost.dll
0x00007fff10c80000 - 0x00007fff10daa000 	C:\Windows\System32\RPCRT4.dll
0x00007fff0fb90000 - 0x00007fff0fd31000 	C:\Windows\System32\USER32.dll
0x00007fff0f3d0000 - 0x00007fff0f3f2000 	C:\Windows\System32\win32u.dll
0x00007fff0fe30000 - 0x00007fff0fe5b000 	C:\Windows\System32\GDI32.dll
0x00007fff0f600000 - 0x00007fff0f70b000 	C:\Windows\System32\gdi32full.dll
0x00007fff0f560000 - 0x00007fff0f5fd000 	C:\Windows\System32\msvcp_win.dll
0x00007fff0f240000 - 0x00007fff0f340000 	C:\Windows\System32\ucrtbase.dll
0x00007ffef5df0000 - 0x00007ffef608a000 	C:\Windows\WinSxS\amd64_microsoft.windows.common-controls_6595b64144ccf1df_6.0.19041.1110_none_60b5254171f9507e\COMCTL32.dll
0x00007fff0fde0000 - 0x00007fff0fe10000 	C:\Windows\System32\IMM32.DLL
0x0000000050170000 - 0x0000000050242000 	C:\Program Files\Java\jdk1.8.0_191\jre\bin\msvcr100.dll
0x0000000077750000 - 0x0000000077ff4000 	C:\Program Files\Java\jdk1.8.0_191\jre\bin\server\jvm.dll
0x00007fff109b0000 - 0x00007fff109b8000 	C:\Windows\System32\PSAPI.DLL
0x00007fff07ca0000 - 0x00007fff07cc7000 	C:\Windows\SYSTEM32\WINMM.dll
0x00007ffefc340000 - 0x00007ffefc349000 	C:\Windows\SYSTEM32\WSOCK32.dll
0x00007fff07cd0000 - 0x00007fff07cda000 	C:\Windows\SYSTEM32\VERSION.dll
0x00007fff109c0000 - 0x00007fff10a2b000 	C:\Windows\System32\WS2_32.dll
0x0000000050160000 - 0x000000005016f000 	C:\Program Files\Java\jdk1.8.0_191\jre\bin\verify.dll
0x0000000050130000 - 0x0000000050159000 	C:\Program Files\Java\jdk1.8.0_191\jre\bin\java.dll
0x0000000050110000 - 0x0000000050126000 	C:\Program Files\Java\jdk1.8.0_191\jre\bin\zip.dll
0x00007fff0ff10000 - 0x00007fff1064f000 	C:\Windows\System32\SHELL32.dll
0x00007fff0cdf0000 - 0x00007fff0d580000 	C:\Windows\SYSTEM32\windows.storage.dll
0x00007fff10650000 - 0x00007fff109a5000 	C:\Windows\System32\combase.dll
0x00007fff0e9c0000 - 0x00007fff0e9ee000 	C:\Windows\SYSTEM32\Wldp.dll
0x00007fff112f0000 - 0x00007fff1139d000 	C:\Windows\System32\SHCORE.dll
0x00007fff116f0000 - 0x00007fff11745000 	C:\Windows\System32\shlwapi.dll
0x00007fff0eeb0000 - 0x00007fff0eecf000 	C:\Windows\SYSTEM32\profapi.dll
0x00000000500f0000 - 0x000000005010a000 	C:\Program Files\Java\jdk1.8.0_191\jre\bin\net.dll
0x00007fff0e720000 - 0x00007fff0e78a000 	C:\Windows\system32\mswsock.dll
0x00000000500d0000 - 0x00000000500e1000 	C:\Program Files\Java\jdk1.8.0_191\jre\bin\nio.dll
0x00007ffef9600000 - 0x00007ffef9626000 	D:\Users\y.wang39\.gradle\native\30\windows-amd64\native-platform.dll
0x0000000050080000 - 0x000000005008d000 	C:\Program Files\Java\jdk1.8.0_191\jre\bin\management.dll
0x00007fff0e920000 - 0x00007fff0e938000 	C:\Windows\SYSTEM32\CRYPTSP.dll
0x00007fff0e030000 - 0x00007fff0e064000 	C:\Windows\system32\rsaenh.dll
0x00007fff0f710000 - 0x00007fff0f737000 	C:\Windows\System32\bcrypt.dll
0x00007fff0ee30000 - 0x00007fff0ee5e000 	C:\Windows\SYSTEM32\USERENV.dll
0x00007fff0f340000 - 0x00007fff0f3c3000 	C:\Windows\System32\bcryptprimitives.dll
0x00007fff0e910000 - 0x00007fff0e91c000 	C:\Windows\SYSTEM32\CRYPTBASE.dll
0x00007fff0e3c0000 - 0x00007fff0e3fb000 	C:\Windows\SYSTEM32\IPHLPAPI.DLL
0x00007fff10db0000 - 0x00007fff10db8000 	C:\Windows\System32\NSI.dll
0x00007fff0a120000 - 0x00007fff0a137000 	C:\Windows\SYSTEM32\dhcpcsvc6.DLL
0x00007fff0a090000 - 0x00007fff0a0ad000 	C:\Windows\SYSTEM32\dhcpcsvc.DLL
0x00007fff0e410000 - 0x00007fff0e4db000 	C:\Windows\SYSTEM32\DNSAPI.dll

VM Arguments:
jvm_args: -Xmx1536M -Dfile.encoding=GBK -Duser.country=CN -Duser.language=zh -Duser.variant 
java_command: org.gradle.launcher.daemon.bootstrap.GradleDaemon 5.6.4
java_class_path (initial): D:\Users\y.wang39\.gradle\wrapper\dists\gradle-5.6.4-all\ankdp27end7byghfw1q2sw75f\gradle-5.6.4\lib\gradle-launcher-5.6.4.jar
Launcher Type: SUN_STANDARD

Environment Variables:
JAVA_HOME=C:\Program Files\Java\jdk1.8.0_191
CLASSPATH=.;C:\Program Files\Java\jdk1.8.0_191\lib\dt.jar;C:\Program Files\Java\jdk1.8.0_191\lib\tools.jar;
PATH=C:\Program Files (x86)\Common Files\Oracle\Java\javapath;C:\ProgramData\Oracle\Java\javapath;C:\Windows\system32;C:\Windows;C:\Windows\System32\Wbem;C:\Windows\System32\WindowsPowerShell\v1.0\;C:\Windows\System32\OpenSSH\;C:\Program Files (x86)\Windows Kits\8.1\Windows Performance Toolkit\;C:\Program Files\Microsoft SQL Server\110\Tools\Binn\;C:\Program Files (x86)\Microsoft SQL Server\110\Tools\Binn\ManagementStudio\;C:\Program Files (x86)\Microsoft SQL Server\110\Tools\Binn\;C:\Program Files (x86)\Microsoft SQL Server\110\DTS\Binn\;C:\Program Files\Git\cmd;C:\Program Files (x86)\nodejs\;C:\Program Files\Java\jdk1.8.0_191\bin;C:\Program Files\Java\jdk1.8.0_191\jre\bin;;C:\Program Files (x86)\Lua\5.1;C:\Program Files (x86)\Lua\5.1\clibs;D:\Users\y.wang39\AppData\Local\Microsoft\WindowsApps;C:\Program Files\JetBrains\IntelliJ IDEA 2021.1.1\bin;D:\Users\y.wang39\AppData\Local\Programs\Fiddler;D:\cmder\cmder;D:\Users\y.wang39\AppData\Roaming\npm;D:\Users\y.wang39\AppData\Roaming\npm\node_modules\picgo;D:\mysql-8.0.25-winx64\bin;;D:\Users\y.wang39\AppData\Local\Programs\Microsoft VS Code\bin
USERNAME=y.wang39
OS=Windows_NT
PROCESSOR_IDENTIFIER=AMD64 Family 23 Model 113 Stepping 0, AuthenticAMD



---------------  S Y S T E M  ---------------

OS: Windows 10.0 , 64 bit Build 19041 (10.0.19041.1348)

CPU:total 12 (initial active 12) (12 cores per cpu, 1 threads per core) family 23 model 113 stepping 0, cmov, cx8, fxsr, mmx, sse, sse2, sse3, ssse3, sse4.1, sse4.2, popcnt, avx, avx2, aes, clmul, mmxext, 3dnowpref, lzcnt, sse4a, tsc, tscinvbit, tscinv, bmi1

Memory: 4k page, physical 33487000k(8821224k free), swap 37681304k(5124k free)

vm_info: Java HotSpot(TM) 64-Bit Server VM (25.191-b12) for windows-amd64 JRE (1.8.0_191-b12), built on Oct  6 2018 09:29:03 by "java_re" with MS VC++ 10.0 (VS2010)

time: Tue Nov 30 11:43:02 2021
elapsed time: 36 seconds (0d 0h 0m 36s)

