#
# There is insufficient memory for the Java Runtime Environment to continue.
# Native memory allocation (malloc) failed to allocate 1048576 bytes for AllocateHeap
# Possible reasons:
#   The system is out of physical RAM or swap space
#   In 32 bit mode, the process size limit was hit
# Possible solutions:
#   Reduce memory load on the system
#   Increase physical memory or swap space
#   Check if swap backing store is full
#   Use 64 bit Java on a 64 bit OS
#   Decrease Java heap size (-Xmx/-Xms)
#   Decrease number of Java threads
#   Decrease Java thread stack sizes (-Xss)
#   Set larger code cache with -XX:ReservedCodeCacheSize=
# This output file may be truncated or incomplete.
#
#  Out of Memory Error (memory/allocation.inline.hpp:61), pid=46196, tid=0x0000000000002784
#
# JRE version:  (8.0_191-b12) (build )
# Java VM: Java HotSpot(TM) 64-Bit Server VM (25.191-b12 mixed mode windows-amd64 compressed oops)
# Failed to write core dump. Minidumps are not enabled by default on client versions of Windows
#

---------------  T H R E A D  ---------------

Current thread (0x0000000002902800):  JavaThread "Unknown thread" [_thread_in_vm, id=10116, stack(0x0000000002800000,0x0000000002900000)]

Stack: [0x0000000002800000,0x0000000002900000]
[error occurred during error reporting (printing stack bounds), id 0xc0000005]

Native frames: (J=compiled Java code, j=interpreted, Vv=VM code, C=native code)


---------------  P R O C E S S  ---------------

Java Threads: ( => current thread )

Other Threads:

=>0x0000000002902800 (exited) JavaThread "Unknown thread" [_thread_in_vm, id=10116, stack(0x0000000002800000,0x0000000002900000)]

VM state:not at safepoint (normal execution)

VM Mutex/Monitor currently owned by a thread: None

Heap:
 PSYoungGen      total 153088K, used 2631K [0x00000000f5580000, 0x0000000100000000, 0x0000000100000000)
  eden space 131584K, 2% used [0x00000000f5580000,0x00000000f5811ec8,0x00000000fd600000)
  from space 21504K, 0% used [0x00000000feb00000,0x00000000feb00000,0x0000000100000000)
  to   space 21504K, 0% used [0x00000000fd600000,0x00000000fd600000,0x00000000feb00000)
 ParOldGen       total 349696K, used 0K [0x00000000e0000000, 0x00000000f5580000, 0x00000000f5580000)
  object space 349696K, 0% used [0x00000000e0000000,0x00000000e0000000,0x00000000f5580000)
 Metaspace       used 775K, capacity 4480K, committed 4480K, reserved 1056768K
  class space    used 76K, capacity 384K, committed 384K, reserved 1048576K

Card table byte_map: [0x0000000011dc0000,0x0000000011ed0000] byte_map_base: 0x00000000116c0000

Marking Bits: (ParMarkBitMap*) 0x0000000077f73e30
 Begin Bits: [0x0000000012980000, 0x0000000013180000)
 End Bits:   [0x0000000013180000, 0x0000000013980000)

Polling page: 0x0000000002380000

CodeCache: size=245760Kb used=327Kb max_used=327Kb free=245432Kb
 bounds [0x0000000002a00000, 0x0000000002c70000, 0x0000000011a00000]
 total_blobs=57 nmethods=0 adapters=38
 compilation: enabled

Compilation events (0 events):
No events

GC Heap History (0 events):
No events

Deoptimization events (0 events):
No events

Classes redefined (0 events):
No events

Internal exceptions (0 events):
No events

Events (10 events):
Event: 0.153 loading class java/lang/Short
Event: 0.153 loading class java/lang/Short done
Event: 0.153 loading class java/lang/Integer
Event: 0.153 loading class java/lang/Integer done
Event: 0.153 loading class java/lang/Long
Event: 0.153 loading class java/lang/Long done
Event: 0.155 loading class java/lang/NullPointerException
Event: 0.155 loading class java/lang/NullPointerException done
Event: 0.155 loading class java/lang/ArithmeticException
Event: 0.155 loading class java/lang/ArithmeticException done


Dynamic libraries:
0x00007ff6359a0000 - 0x00007ff6359d7000 	C:\Program Files\Java\jdk1.8.0_191\bin\java.exe
0x00007fff11850000 - 0x00007fff11a45000 	C:\Windows\SYSTEM32\ntdll.dll
0x00007fff11750000 - 0x00007fff1180e000 	C:\Windows\System32\KERNEL32.DLL
0x00007fff0ef70000 - 0x00007fff0f238000 	C:\Windows\System32\KERNELBASE.dll
0x00007fff10dc0000 - 0x00007fff10e6c000 	C:\Windows\System32\ADVAPI32.dll
0x00007fff0fe70000 - 0x00007fff0ff0e000 	C:\Windows\System32\msvcrt.dll
0x00007fff0fd40000 - 0x00007fff0fddb000 	C:\Windows\System32\sechost.dll
0x00007fff10c80000 - 0x00007fff10daa000 	C:\Windows\System32\RPCRT4.dll
0x00007fff0fb90000 - 0x00007fff0fd31000 	C:\Windows\System32\USER32.dll
0x00007fff0f3d0000 - 0x00007fff0f3f2000 	C:\Windows\System32\win32u.dll
0x00007fff0fe30000 - 0x00007fff0fe5b000 	C:\Windows\System32\GDI32.dll
0x00007fff0f600000 - 0x00007fff0f70b000 	C:\Windows\System32\gdi32full.dll
0x00007fff0f560000 - 0x00007fff0f5fd000 	C:\Windows\System32\msvcp_win.dll
0x00007fff0f240000 - 0x00007fff0f340000 	C:\Windows\System32\ucrtbase.dll
0x00007ffef5df0000 - 0x00007ffef608a000 	C:\Windows\WinSxS\amd64_microsoft.windows.common-controls_6595b64144ccf1df_6.0.19041.1110_none_60b5254171f9507e\COMCTL32.dll
0x00007fff0fde0000 - 0x00007fff0fe10000 	C:\Windows\System32\IMM32.DLL
0x0000000050170000 - 0x0000000050242000 	C:\Program Files\Java\jdk1.8.0_191\jre\bin\msvcr100.dll
0x0000000077750000 - 0x0000000077ff4000 	C:\Program Files\Java\jdk1.8.0_191\jre\bin\server\jvm.dll
0x00007fff109b0000 - 0x00007fff109b8000 	C:\Windows\System32\PSAPI.DLL
0x00007ffefc340000 - 0x00007ffefc349000 	C:\Windows\SYSTEM32\WSOCK32.dll
0x00007fff07cd0000 - 0x00007fff07cda000 	C:\Windows\SYSTEM32\VERSION.dll
0x00007fff07ca0000 - 0x00007fff07cc7000 	C:\Windows\SYSTEM32\WINMM.dll
0x00007fff109c0000 - 0x00007fff10a2b000 	C:\Windows\System32\WS2_32.dll
0x0000000050160000 - 0x000000005016f000 	C:\Program Files\Java\jdk1.8.0_191\jre\bin\verify.dll
0x0000000050130000 - 0x0000000050159000 	C:\Program Files\Java\jdk1.8.0_191\jre\bin\java.dll
0x0000000050110000 - 0x0000000050126000 	C:\Program Files\Java\jdk1.8.0_191\jre\bin\zip.dll

VM Arguments:
jvm_args: -Dio.netty.leakDetection.level=paranoid -Djava.awt.headless=true -Djava.security.manager=worker.org.gradle.process.internal.worker.child.BootstrapSecurityManager -Dorg.gradle.native=false -DtestGroups -Xmx512m -Dfile.encoding=GBK -Duser.country=CN -Duser.language=zh -Duser.variant -ea 
java_command: worker.org.gradle.process.internal.worker.GradleWorkerMain 'Gradle Test Executor 14'
java_class_path (initial): D:\Users\y.wang39\.gradle\caches\5.6.4\workerMain\gradle-worker.jar
Launcher Type: SUN_STANDARD

Environment Variables:
JAVA_HOME=C:\Program Files\Java\jdk1.8.0_191
CLASSPATH=.;C:\Program Files\Java\jdk1.8.0_191\lib\dt.jar;C:\Program Files\Java\jdk1.8.0_191\lib\tools.jar;
PATH=C:\Program Files (x86)\Common Files\Oracle\Java\javapath;C:\ProgramData\Oracle\Java\javapath;C:\Windows\system32;C:\Windows;C:\Windows\System32\Wbem;C:\Windows\System32\WindowsPowerShell\v1.0\;C:\Windows\System32\OpenSSH\;C:\Program Files (x86)\Windows Kits\8.1\Windows Performance Toolkit\;C:\Program Files\Microsoft SQL Server\110\Tools\Binn\;C:\Program Files (x86)\Microsoft SQL Server\110\Tools\Binn\ManagementStudio\;C:\Program Files (x86)\Microsoft SQL Server\110\Tools\Binn\;C:\Program Files (x86)\Microsoft SQL Server\110\DTS\Binn\;C:\Program Files\Git\cmd;C:\Program Files (x86)\nodejs\;C:\Program Files\Java\jdk1.8.0_191\bin;C:\Program Files\Java\jdk1.8.0_191\jre\bin;;C:\Program Files (x86)\Lua\5.1;C:\Program Files (x86)\Lua\5.1\clibs;D:\Users\y.wang39\AppData\Local\Microsoft\WindowsApps;C:\Program Files\JetBrains\IntelliJ IDEA 2021.1.1\bin;D:\Users\y.wang39\AppData\Local\Programs\Fiddler;D:\cmder\cmder;D:\Users\y.wang39\AppData\Roaming\npm;D:\Users\y.wang39\AppData\Roaming\npm\node_modules\picgo;D:\mysql-8.0.25-winx64\bin;;D:\Users\y.wang39\AppData\Local\Programs\Microsoft VS Code\bin
USERNAME=y.wang39
OS=Windows_NT
PROCESSOR_IDENTIFIER=AMD64 Family 23 Model 113 Stepping 0, AuthenticAMD



---------------  S Y S T E M  ---------------

OS: Windows 10.0 , 64 bit Build 19041 (10.0.19041.1348)

CPU:total 12 (initial active 12) (12 cores per cpu, 1 threads per core) family 23 model 113 stepping 0, cmov, cx8, fxsr, mmx, sse, sse2, sse3, ssse3, sse4.1, sse4.2, popcnt, avx, avx2, aes, clmul, mmxext, 3dnowpref, lzcnt, sse4a, tsc, tscinvbit, tscinv, bmi1

Memory: 4k page, physical 33487000k(8687024k free), swap 37681304k(5380k free)

vm_info: Java HotSpot(TM) 64-Bit Server VM (25.191-b12) for windows-amd64 JRE (1.8.0_191-b12), built on Oct  6 2018 09:29:03 by "java_re" with MS VC++ 10.0 (VS2010)

time: Tue Nov 30 11:43:52 2021
elapsed time: 0 seconds (0d 0h 0m 0s)

